INFO - 2023-06-22 06:45:48 --> Session: Class initialized using 'CodeIgniter\Session\Handlers\FileHandler' driver.
INFO - 2023-06-22 06:45:49 --> Session: Class initialized using 'CodeIgniter\Session\Handlers\FileHandler' driver.
INFO - 2023-06-22 06:47:29 --> Session: Class initialized using 'CodeIgniter\Session\Handlers\FileHandler' driver.
INFO - 2023-06-22 06:47:30 --> Session: Class initialized using 'CodeIgniter\Session\Handlers\FileHandler' driver.
INFO - 2023-06-22 06:49:56 --> Session: Class initialized using 'CodeIgniter\Session\Handlers\FileHandler' driver.
INFO - 2023-06-22 06:50:01 --> Session: Class initialized using 'CodeIgniter\Session\Handlers\FileHandler' driver.
INFO - 2023-06-22 06:51:13 --> Session: Class initialized using 'CodeIgniter\Session\Handlers\FileHandler' driver.
INFO - 2023-06-22 06:51:28 --> Session: Class initialized using 'CodeIgniter\Session\Handlers\FileHandler' driver.
INFO - 2023-06-22 06:51:28 --> Session: Class initialized using 'CodeIgniter\Session\Handlers\FileHandler' driver.
INFO - 2023-06-22 06:51:28 --> Session: Class initialized using 'CodeIgniter\Session\Handlers\FileHandler' driver.
INFO - 2023-06-22 06:51:28 --> Session: Class initialized using 'CodeIgniter\Session\Handlers\FileHandler' driver.
INFO - 2023-06-22 06:51:28 --> Session: Class initialized using 'CodeIgniter\Session\Handlers\FileHandler' driver.
INFO - 2023-06-22 06:51:47 --> Session: Class initialized using 'CodeIgniter\Session\Handlers\FileHandler' driver.
INFO - 2023-06-22 06:53:20 --> Session: Class initialized using 'CodeIgniter\Session\Handlers\FileHandler' driver.
INFO - 2023-06-22 06:55:37 --> Session: Class initialized using 'CodeIgniter\Session\Handlers\FileHandler' driver.
INFO - 2023-06-22 06:55:40 --> Session: Class initialized using 'CodeIgniter\Session\Handlers\FileHandler' driver.
INFO - 2023-06-22 06:57:17 --> Session: Class initialized using 'CodeIgniter\Session\Handlers\FileHandler' driver.
INFO - 2023-06-22 06:57:19 --> Session: Class initialized using 'CodeIgniter\Session\Handlers\FileHandler' driver.
INFO - 2023-06-22 06:57:29 --> Session: Class initialized using 'CodeIgniter\Session\Handlers\FileHandler' driver.
INFO - 2023-06-22 06:57:33 --> Session: Class initialized using 'CodeIgniter\Session\Handlers\FileHandler' driver.
INFO - 2023-06-22 06:57:49 --> Session: Class initialized using 'CodeIgniter\Session\Handlers\FileHandler' driver.
INFO - 2023-06-22 06:58:02 --> Session: Class initialized using 'CodeIgniter\Session\Handlers\FileHandler' driver.
INFO - 2023-06-22 06:58:03 --> Session: Class initialized using 'CodeIgniter\Session\Handlers\FileHandler' driver.
INFO - 2023-06-22 06:58:03 --> Session: Class initialized using 'CodeIgniter\Session\Handlers\FileHandler' driver.
INFO - 2023-06-22 06:58:03 --> Session: Class initialized using 'CodeIgniter\Session\Handlers\FileHandler' driver.
INFO - 2023-06-22 06:58:03 --> Session: Class initialized using 'CodeIgniter\Session\Handlers\FileHandler' driver.
INFO - 2023-06-22 06:58:15 --> Session: Class initialized using 'CodeIgniter\Session\Handlers\FileHandler' driver.
INFO - 2023-06-22 06:58:24 --> Session: Class initialized using 'CodeIgniter\Session\Handlers\FileHandler' driver.
INFO - 2023-06-22 06:58:47 --> Session: Class initialized using 'CodeIgniter\Session\Handlers\FileHandler' driver.
INFO - 2023-06-22 06:59:07 --> Session: Class initialized using 'CodeIgniter\Session\Handlers\FileHandler' driver.
INFO - 2023-06-22 06:59:08 --> Session: Class initialized using 'CodeIgniter\Session\Handlers\FileHandler' driver.
INFO - 2023-06-22 06:59:08 --> Session: Class initialized using 'CodeIgniter\Session\Handlers\FileHandler' driver.
INFO - 2023-06-22 06:59:08 --> Session: Class initialized using 'CodeIgniter\Session\Handlers\FileHandler' driver.
INFO - 2023-06-22 06:59:08 --> Session: Class initialized using 'CodeIgniter\Session\Handlers\FileHandler' driver.
INFO - 2023-06-22 06:59:15 --> Session: Class initialized using 'CodeIgniter\Session\Handlers\FileHandler' driver.
INFO - 2023-06-22 06:59:42 --> Session: Class initialized using 'CodeIgniter\Session\Handlers\FileHandler' driver.
INFO - 2023-06-22 06:59:42 --> Session: Class initialized using 'CodeIgniter\Session\Handlers\FileHandler' driver.
INFO - 2023-06-22 06:59:42 --> Session: Class initialized using 'CodeIgniter\Session\Handlers\FileHandler' driver.
INFO - 2023-06-22 06:59:42 --> Session: Class initialized using 'CodeIgniter\Session\Handlers\FileHandler' driver.
INFO - 2023-06-22 06:59:42 --> Session: Class initialized using 'CodeIgniter\Session\Handlers\FileHandler' driver.
INFO - 2023-06-22 06:59:47 --> Session: Class initialized using 'CodeIgniter\Session\Handlers\FileHandler' driver.
INFO - 2023-06-22 06:59:48 --> Session: Class initialized using 'CodeIgniter\Session\Handlers\FileHandler' driver.
CRITICAL - 2023-06-22 06:59:48 --> Undefined offset: 1
in APPPATH\Controllers\Laporan_Arus_Kas.php on line 26.
 1 APPPATH\Controllers\Laporan_Arus_Kas.php(26): CodeIgniter\Debug\Exceptions->errorHandler(8, 'Undefined offset: 1', 'C:\\web\\htdocs\\aruskas\\app\\Controllers\\Laporan_Arus_Kas.php', 26, [...])
 2 SYSTEMPATH\CodeIgniter.php(934): App\Controllers\Laporan_Arus_Kas->index('index', 'js', 'CodiePie.js')
 3 SYSTEMPATH\CodeIgniter.php(499): CodeIgniter\CodeIgniter->runController(Object(App\Controllers\Laporan_Arus_Kas))
 4 SYSTEMPATH\CodeIgniter.php(368): CodeIgniter\CodeIgniter->handleRequest(null, Object(Config\Cache), false)
 5 FCPATH\index.php(67): CodeIgniter\CodeIgniter->run()
INFO - 2023-06-22 06:59:48 --> Session: Class initialized using 'CodeIgniter\Session\Handlers\FileHandler' driver.
CRITICAL - 2023-06-22 06:59:48 --> Undefined offset: 1
in APPPATH\Controllers\Laporan_Arus_Kas.php on line 26.
 1 APPPATH\Controllers\Laporan_Arus_Kas.php(26): CodeIgniter\Debug\Exceptions->errorHandler(8, 'Undefined offset: 1', 'C:\\web\\htdocs\\aruskas\\app\\Controllers\\Laporan_Arus_Kas.php', 26, [...])
 2 SYSTEMPATH\CodeIgniter.php(934): App\Controllers\Laporan_Arus_Kas->index('index', 'js', 'page', 'index.js')
 3 SYSTEMPATH\CodeIgniter.php(499): CodeIgniter\CodeIgniter->runController(Object(App\Controllers\Laporan_Arus_Kas))
 4 SYSTEMPATH\CodeIgniter.php(368): CodeIgniter\CodeIgniter->handleRequest(null, Object(Config\Cache), false)
 5 FCPATH\index.php(67): CodeIgniter\CodeIgniter->run()
INFO - 2023-06-22 06:59:48 --> Session: Class initialized using 'CodeIgniter\Session\Handlers\FileHandler' driver.
CRITICAL - 2023-06-22 06:59:48 --> Undefined offset: 1
in APPPATH\Controllers\Laporan_Arus_Kas.php on line 26.
 1 APPPATH\Controllers\Laporan_Arus_Kas.php(26): CodeIgniter\Debug\Exceptions->errorHandler(8, 'Undefined offset: 1', 'C:\\web\\htdocs\\aruskas\\app\\Controllers\\Laporan_Arus_Kas.php', 26, [...])
 2 SYSTEMPATH\CodeIgniter.php(934): App\Controllers\Laporan_Arus_Kas->index('index', 'js', 'scripts.js')
 3 SYSTEMPATH\CodeIgniter.php(499): CodeIgniter\CodeIgniter->runController(Object(App\Controllers\Laporan_Arus_Kas))
 4 SYSTEMPATH\CodeIgniter.php(368): CodeIgniter\CodeIgniter->handleRequest(null, Object(Config\Cache), false)
 5 FCPATH\index.php(67): CodeIgniter\CodeIgniter->run()
INFO - 2023-06-22 06:59:48 --> Session: Class initialized using 'CodeIgniter\Session\Handlers\FileHandler' driver.
CRITICAL - 2023-06-22 06:59:48 --> Undefined offset: 1
in APPPATH\Controllers\Laporan_Arus_Kas.php on line 26.
 1 APPPATH\Controllers\Laporan_Arus_Kas.php(26): CodeIgniter\Debug\Exceptions->errorHandler(8, 'Undefined offset: 1', 'C:\\web\\htdocs\\aruskas\\app\\Controllers\\Laporan_Arus_Kas.php', 26, [...])
 2 SYSTEMPATH\CodeIgniter.php(934): App\Controllers\Laporan_Arus_Kas->index('index', 'js', 'custom.js')
 3 SYSTEMPATH\CodeIgniter.php(499): CodeIgniter\CodeIgniter->runController(Object(App\Controllers\Laporan_Arus_Kas))
 4 SYSTEMPATH\CodeIgniter.php(368): CodeIgniter\CodeIgniter->handleRequest(null, Object(Config\Cache), false)
 5 FCPATH\index.php(67): CodeIgniter\CodeIgniter->run()
INFO - 2023-06-22 06:59:59 --> Session: Class initialized using 'CodeIgniter\Session\Handlers\FileHandler' driver.
INFO - 2023-06-22 07:00:48 --> Session: Class initialized using 'CodeIgniter\Session\Handlers\FileHandler' driver.
INFO - 2023-06-22 07:00:51 --> Session: Class initialized using 'CodeIgniter\Session\Handlers\FileHandler' driver.
INFO - 2023-06-22 07:01:34 --> Session: Class initialized using 'CodeIgniter\Session\Handlers\FileHandler' driver.
INFO - 2023-06-22 07:01:45 --> Session: Class initialized using 'CodeIgniter\Session\Handlers\FileHandler' driver.
INFO - 2023-06-22 07:01:45 --> Session: Class initialized using 'CodeIgniter\Session\Handlers\FileHandler' driver.
INFO - 2023-06-22 07:01:45 --> Session: Class initialized using 'CodeIgniter\Session\Handlers\FileHandler' driver.
INFO - 2023-06-22 07:01:46 --> Session: Class initialized using 'CodeIgniter\Session\Handlers\FileHandler' driver.
INFO - 2023-06-22 07:01:46 --> Session: Class initialized using 'CodeIgniter\Session\Handlers\FileHandler' driver.
INFO - 2023-06-22 07:01:58 --> Session: Class initialized using 'CodeIgniter\Session\Handlers\FileHandler' driver.
INFO - 2023-06-22 07:02:28 --> Session: Class initialized using 'CodeIgniter\Session\Handlers\FileHandler' driver.
INFO - 2023-06-22 07:02:28 --> Session: Class initialized using 'CodeIgniter\Session\Handlers\FileHandler' driver.
INFO - 2023-06-22 07:02:28 --> Session: Class initialized using 'CodeIgniter\Session\Handlers\FileHandler' driver.
INFO - 2023-06-22 07:02:28 --> Session: Class initialized using 'CodeIgniter\Session\Handlers\FileHandler' driver.
INFO - 2023-06-22 07:02:29 --> Session: Class initialized using 'CodeIgniter\Session\Handlers\FileHandler' driver.
INFO - 2023-06-22 07:05:15 --> Session: Class initialized using 'CodeIgniter\Session\Handlers\FileHandler' driver.
INFO - 2023-06-22 07:05:23 --> Session: Class initialized using 'CodeIgniter\Session\Handlers\FileHandler' driver.
INFO - 2023-06-22 07:06:06 --> Session: Class initialized using 'CodeIgniter\Session\Handlers\FileHandler' driver.
INFO - 2023-06-22 07:06:06 --> Session: Class initialized using 'CodeIgniter\Session\Handlers\FileHandler' driver.
CRITICAL - 2023-06-22 07:06:06 --> Undefined offset: 1
in APPPATH\Controllers\Laporan_neraca.php on line 26.
 1 APPPATH\Controllers\Laporan_neraca.php(26): CodeIgniter\Debug\Exceptions->errorHandler(8, 'Undefined offset: 1', 'C:\\web\\htdocs\\aruskas\\app\\Controllers\\Laporan_neraca.php', 26, [...])
 2 SYSTEMPATH\CodeIgniter.php(934): App\Controllers\Laporan_neraca->index('index', 'js', 'page', 'index.js')
 3 SYSTEMPATH\CodeIgniter.php(499): CodeIgniter\CodeIgniter->runController(Object(App\Controllers\Laporan_neraca))
 4 SYSTEMPATH\CodeIgniter.php(368): CodeIgniter\CodeIgniter->handleRequest(null, Object(Config\Cache), false)
 5 FCPATH\index.php(67): CodeIgniter\CodeIgniter->run()
INFO - 2023-06-22 07:06:06 --> Session: Class initialized using 'CodeIgniter\Session\Handlers\FileHandler' driver.
CRITICAL - 2023-06-22 07:06:06 --> Undefined offset: 1
in APPPATH\Controllers\Laporan_neraca.php on line 26.
 1 APPPATH\Controllers\Laporan_neraca.php(26): CodeIgniter\Debug\Exceptions->errorHandler(8, 'Undefined offset: 1', 'C:\\web\\htdocs\\aruskas\\app\\Controllers\\Laporan_neraca.php', 26, [...])
 2 SYSTEMPATH\CodeIgniter.php(934): App\Controllers\Laporan_neraca->index('index', 'js', 'CodiePie.js')
 3 SYSTEMPATH\CodeIgniter.php(499): CodeIgniter\CodeIgniter->runController(Object(App\Controllers\Laporan_neraca))
 4 SYSTEMPATH\CodeIgniter.php(368): CodeIgniter\CodeIgniter->handleRequest(null, Object(Config\Cache), false)
 5 FCPATH\index.php(67): CodeIgniter\CodeIgniter->run()
INFO - 2023-06-22 07:06:06 --> Session: Class initialized using 'CodeIgniter\Session\Handlers\FileHandler' driver.
CRITICAL - 2023-06-22 07:06:06 --> Undefined offset: 1
in APPPATH\Controllers\Laporan_neraca.php on line 26.
 1 APPPATH\Controllers\Laporan_neraca.php(26): CodeIgniter\Debug\Exceptions->errorHandler(8, 'Undefined offset: 1', 'C:\\web\\htdocs\\aruskas\\app\\Controllers\\Laporan_neraca.php', 26, [...])
 2 SYSTEMPATH\CodeIgniter.php(934): App\Controllers\Laporan_neraca->index('index', 'js', 'custom.js')
 3 SYSTEMPATH\CodeIgniter.php(499): CodeIgniter\CodeIgniter->runController(Object(App\Controllers\Laporan_neraca))
 4 SYSTEMPATH\CodeIgniter.php(368): CodeIgniter\CodeIgniter->handleRequest(null, Object(Config\Cache), false)
 5 FCPATH\index.php(67): CodeIgniter\CodeIgniter->run()
INFO - 2023-06-22 07:06:06 --> Session: Class initialized using 'CodeIgniter\Session\Handlers\FileHandler' driver.
CRITICAL - 2023-06-22 07:06:06 --> Undefined offset: 1
in APPPATH\Controllers\Laporan_neraca.php on line 26.
 1 APPPATH\Controllers\Laporan_neraca.php(26): CodeIgniter\Debug\Exceptions->errorHandler(8, 'Undefined offset: 1', 'C:\\web\\htdocs\\aruskas\\app\\Controllers\\Laporan_neraca.php', 26, [...])
 2 SYSTEMPATH\CodeIgniter.php(934): App\Controllers\Laporan_neraca->index('index', 'js', 'scripts.js')
 3 SYSTEMPATH\CodeIgniter.php(499): CodeIgniter\CodeIgniter->runController(Object(App\Controllers\Laporan_neraca))
 4 SYSTEMPATH\CodeIgniter.php(368): CodeIgniter\CodeIgniter->handleRequest(null, Object(Config\Cache), false)
 5 FCPATH\index.php(67): CodeIgniter\CodeIgniter->run()
INFO - 2023-06-22 07:06:10 --> Session: Class initialized using 'CodeIgniter\Session\Handlers\FileHandler' driver.
INFO - 2023-06-22 07:06:11 --> Session: Class initialized using 'CodeIgniter\Session\Handlers\FileHandler' driver.
CRITICAL - 2023-06-22 07:06:11 --> Undefined offset: 1
in APPPATH\Controllers\Laporan_Arus_Kas.php on line 26.
 1 APPPATH\Controllers\Laporan_Arus_Kas.php(26): CodeIgniter\Debug\Exceptions->errorHandler(8, 'Undefined offset: 1', 'C:\\web\\htdocs\\aruskas\\app\\Controllers\\Laporan_Arus_Kas.php', 26, [...])
 2 SYSTEMPATH\CodeIgniter.php(934): App\Controllers\Laporan_Arus_Kas->index('index', 'js', 'CodiePie.js')
 3 SYSTEMPATH\CodeIgniter.php(499): CodeIgniter\CodeIgniter->runController(Object(App\Controllers\Laporan_Arus_Kas))
 4 SYSTEMPATH\CodeIgniter.php(368): CodeIgniter\CodeIgniter->handleRequest(null, Object(Config\Cache), false)
 5 FCPATH\index.php(67): CodeIgniter\CodeIgniter->run()
INFO - 2023-06-22 07:06:11 --> Session: Class initialized using 'CodeIgniter\Session\Handlers\FileHandler' driver.
CRITICAL - 2023-06-22 07:06:11 --> Undefined offset: 1
in APPPATH\Controllers\Laporan_Arus_Kas.php on line 26.
 1 APPPATH\Controllers\Laporan_Arus_Kas.php(26): CodeIgniter\Debug\Exceptions->errorHandler(8, 'Undefined offset: 1', 'C:\\web\\htdocs\\aruskas\\app\\Controllers\\Laporan_Arus_Kas.php', 26, [...])
 2 SYSTEMPATH\CodeIgniter.php(934): App\Controllers\Laporan_Arus_Kas->index('index', 'js', 'page', 'index.js')
 3 SYSTEMPATH\CodeIgniter.php(499): CodeIgniter\CodeIgniter->runController(Object(App\Controllers\Laporan_Arus_Kas))
 4 SYSTEMPATH\CodeIgniter.php(368): CodeIgniter\CodeIgniter->handleRequest(null, Object(Config\Cache), false)
 5 FCPATH\index.php(67): CodeIgniter\CodeIgniter->run()
INFO - 2023-06-22 07:06:11 --> Session: Class initialized using 'CodeIgniter\Session\Handlers\FileHandler' driver.
CRITICAL - 2023-06-22 07:06:11 --> Undefined offset: 1
in APPPATH\Controllers\Laporan_Arus_Kas.php on line 26.
 1 APPPATH\Controllers\Laporan_Arus_Kas.php(26): CodeIgniter\Debug\Exceptions->errorHandler(8, 'Undefined offset: 1', 'C:\\web\\htdocs\\aruskas\\app\\Controllers\\Laporan_Arus_Kas.php', 26, [...])
 2 SYSTEMPATH\CodeIgniter.php(934): App\Controllers\Laporan_Arus_Kas->index('index', 'js', 'scripts.js')
 3 SYSTEMPATH\CodeIgniter.php(499): CodeIgniter\CodeIgniter->runController(Object(App\Controllers\Laporan_Arus_Kas))
 4 SYSTEMPATH\CodeIgniter.php(368): CodeIgniter\CodeIgniter->handleRequest(null, Object(Config\Cache), false)
 5 FCPATH\index.php(67): CodeIgniter\CodeIgniter->run()
INFO - 2023-06-22 07:06:11 --> Session: Class initialized using 'CodeIgniter\Session\Handlers\FileHandler' driver.
CRITICAL - 2023-06-22 07:06:11 --> Undefined offset: 1
in APPPATH\Controllers\Laporan_Arus_Kas.php on line 26.
 1 APPPATH\Controllers\Laporan_Arus_Kas.php(26): CodeIgniter\Debug\Exceptions->errorHandler(8, 'Undefined offset: 1', 'C:\\web\\htdocs\\aruskas\\app\\Controllers\\Laporan_Arus_Kas.php', 26, [...])
 2 SYSTEMPATH\CodeIgniter.php(934): App\Controllers\Laporan_Arus_Kas->index('index', 'js', 'custom.js')
 3 SYSTEMPATH\CodeIgniter.php(499): CodeIgniter\CodeIgniter->runController(Object(App\Controllers\Laporan_Arus_Kas))
 4 SYSTEMPATH\CodeIgniter.php(368): CodeIgniter\CodeIgniter->handleRequest(null, Object(Config\Cache), false)
 5 FCPATH\index.php(67): CodeIgniter\CodeIgniter->run()
INFO - 2023-06-22 07:06:12 --> Session: Class initialized using 'CodeIgniter\Session\Handlers\FileHandler' driver.
INFO - 2023-06-22 07:06:13 --> Session: Class initialized using 'CodeIgniter\Session\Handlers\FileHandler' driver.
CRITICAL - 2023-06-22 07:06:13 --> Undefined offset: 1
in APPPATH\Controllers\Laporan_neraca.php on line 26.
 1 APPPATH\Controllers\Laporan_neraca.php(26): CodeIgniter\Debug\Exceptions->errorHandler(8, 'Undefined offset: 1', 'C:\\web\\htdocs\\aruskas\\app\\Controllers\\Laporan_neraca.php', 26, [...])
 2 SYSTEMPATH\CodeIgniter.php(934): App\Controllers\Laporan_neraca->index('index', 'js', 'CodiePie.js')
 3 SYSTEMPATH\CodeIgniter.php(499): CodeIgniter\CodeIgniter->runController(Object(App\Controllers\Laporan_neraca))
 4 SYSTEMPATH\CodeIgniter.php(368): CodeIgniter\CodeIgniter->handleRequest(null, Object(Config\Cache), false)
 5 FCPATH\index.php(67): CodeIgniter\CodeIgniter->run()
INFO - 2023-06-22 07:06:13 --> Session: Class initialized using 'CodeIgniter\Session\Handlers\FileHandler' driver.
CRITICAL - 2023-06-22 07:06:13 --> Undefined offset: 1
in APPPATH\Controllers\Laporan_neraca.php on line 26.
 1 APPPATH\Controllers\Laporan_neraca.php(26): CodeIgniter\Debug\Exceptions->errorHandler(8, 'Undefined offset: 1', 'C:\\web\\htdocs\\aruskas\\app\\Controllers\\Laporan_neraca.php', 26, [...])
 2 SYSTEMPATH\CodeIgniter.php(934): App\Controllers\Laporan_neraca->index('index', 'js', 'page', 'index.js')
 3 SYSTEMPATH\CodeIgniter.php(499): CodeIgniter\CodeIgniter->runController(Object(App\Controllers\Laporan_neraca))
 4 SYSTEMPATH\CodeIgniter.php(368): CodeIgniter\CodeIgniter->handleRequest(null, Object(Config\Cache), false)
 5 FCPATH\index.php(67): CodeIgniter\CodeIgniter->run()
INFO - 2023-06-22 07:06:13 --> Session: Class initialized using 'CodeIgniter\Session\Handlers\FileHandler' driver.
CRITICAL - 2023-06-22 07:06:13 --> Undefined offset: 1
in APPPATH\Controllers\Laporan_neraca.php on line 26.
 1 APPPATH\Controllers\Laporan_neraca.php(26): CodeIgniter\Debug\Exceptions->errorHandler(8, 'Undefined offset: 1', 'C:\\web\\htdocs\\aruskas\\app\\Controllers\\Laporan_neraca.php', 26, [...])
 2 SYSTEMPATH\CodeIgniter.php(934): App\Controllers\Laporan_neraca->index('index', 'js', 'scripts.js')
 3 SYSTEMPATH\CodeIgniter.php(499): CodeIgniter\CodeIgniter->runController(Object(App\Controllers\Laporan_neraca))
 4 SYSTEMPATH\CodeIgniter.php(368): CodeIgniter\CodeIgniter->handleRequest(null, Object(Config\Cache), false)
 5 FCPATH\index.php(67): CodeIgniter\CodeIgniter->run()
INFO - 2023-06-22 07:06:13 --> Session: Class initialized using 'CodeIgniter\Session\Handlers\FileHandler' driver.
CRITICAL - 2023-06-22 07:06:13 --> Undefined offset: 1
in APPPATH\Controllers\Laporan_neraca.php on line 26.
 1 APPPATH\Controllers\Laporan_neraca.php(26): CodeIgniter\Debug\Exceptions->errorHandler(8, 'Undefined offset: 1', 'C:\\web\\htdocs\\aruskas\\app\\Controllers\\Laporan_neraca.php', 26, [...])
 2 SYSTEMPATH\CodeIgniter.php(934): App\Controllers\Laporan_neraca->index('index', 'js', 'custom.js')
 3 SYSTEMPATH\CodeIgniter.php(499): CodeIgniter\CodeIgniter->runController(Object(App\Controllers\Laporan_neraca))
 4 SYSTEMPATH\CodeIgniter.php(368): CodeIgniter\CodeIgniter->handleRequest(null, Object(Config\Cache), false)
 5 FCPATH\index.php(67): CodeIgniter\CodeIgniter->run()
INFO - 2023-06-22 07:06:14 --> Session: Class initialized using 'CodeIgniter\Session\Handlers\FileHandler' driver.
INFO - 2023-06-22 07:06:14 --> Session: Class initialized using 'CodeIgniter\Session\Handlers\FileHandler' driver.
INFO - 2023-06-22 07:06:14 --> Session: Class initialized using 'CodeIgniter\Session\Handlers\FileHandler' driver.
INFO - 2023-06-22 07:06:14 --> Session: Class initialized using 'CodeIgniter\Session\Handlers\FileHandler' driver.
INFO - 2023-06-22 07:06:15 --> Session: Class initialized using 'CodeIgniter\Session\Handlers\FileHandler' driver.
INFO - 2023-06-22 07:21:16 --> Session: Class initialized using 'CodeIgniter\Session\Handlers\FileHandler' driver.
INFO - 2023-06-22 07:21:16 --> Session: Class initialized using 'CodeIgniter\Session\Handlers\FileHandler' driver.
INFO - 2023-06-22 07:21:16 --> Session: Class initialized using 'CodeIgniter\Session\Handlers\FileHandler' driver.
INFO - 2023-06-22 07:21:16 --> Session: Class initialized using 'CodeIgniter\Session\Handlers\FileHandler' driver.
INFO - 2023-06-22 07:21:16 --> Session: Class initialized using 'CodeIgniter\Session\Handlers\FileHandler' driver.
INFO - 2023-06-22 07:21:21 --> Session: Class initialized using 'CodeIgniter\Session\Handlers\FileHandler' driver.
INFO - 2023-06-22 07:21:57 --> Session: Class initialized using 'CodeIgniter\Session\Handlers\FileHandler' driver.
INFO - 2023-06-22 07:21:57 --> Session: Class initialized using 'CodeIgniter\Session\Handlers\FileHandler' driver.
INFO - 2023-06-22 07:21:57 --> Session: Class initialized using 'CodeIgniter\Session\Handlers\FileHandler' driver.
INFO - 2023-06-22 07:21:57 --> Session: Class initialized using 'CodeIgniter\Session\Handlers\FileHandler' driver.
INFO - 2023-06-22 07:21:57 --> Session: Class initialized using 'CodeIgniter\Session\Handlers\FileHandler' driver.
