INFO - 2023-06-28 13:29:24 --> Session: Class initialized using 'CodeIgniter\Session\Handlers\FileHandler' driver.
INFO - 2023-06-28 13:30:06 --> Session: Class initialized using 'CodeIgniter\Session\Handlers\FileHandler' driver.
CRITICAL - 2023-06-28 13:30:06 --> Trying to get property 'hak_akses' of non-object
in APPPATH\Views\layouts\header.php on line 51.
 1 APPPATH\Views\layouts\header.php(51): CodeIgniter\Debug\Exceptions->errorHandler(8, 'Trying to get property \'hak_akses\' of non-object', 'C:\\web\\htdocs\\aruskas\\app\\Views\\layouts\\header.php', 51, [...])
 2 SYSTEMPATH\View\View.php(213): include('C:\\web\\htdocs\\aruskas\\app\\Views\\layouts\\header.php')
 3 SYSTEMPATH\View\View.php(216): CodeIgniter\View\View->CodeIgniter\View\{closure}()
 4 SYSTEMPATH\View\View.php(431): CodeIgniter\View\View->render('layouts/header', null, true)
 5 APPPATH\Views\laporan_pembayaran_gaji\data.php(2): CodeIgniter\View\View->include('layouts/header')
 6 SYSTEMPATH\View\View.php(213): include('C:\\web\\htdocs\\aruskas\\app\\Views\\laporan_pembayaran_gaji\\data.php')
 7 SYSTEMPATH\View\View.php(216): CodeIgniter\View\View->CodeIgniter\View\{closure}()
 8 SYSTEMPATH\Common.php(1184): CodeIgniter\View\View->render('laporan_pembayaran_gaji/data', [], true)
 9 APPPATH\Controllers\Laporan_Pembayaran_Gaji.php(18): view('laporan_pembayaran_gaji/data', [...])
10 SYSTEMPATH\CodeIgniter.php(934): App\Controllers\Laporan_Pembayaran_Gaji->index('index', '2023-06')
11 SYSTEMPATH\CodeIgniter.php(499): CodeIgniter\CodeIgniter->runController(Object(App\Controllers\Laporan_Pembayaran_Gaji))
12 SYSTEMPATH\CodeIgniter.php(368): CodeIgniter\CodeIgniter->handleRequest(null, Object(Config\Cache), false)
13 FCPATH\index.php(67): CodeIgniter\CodeIgniter->run()
INFO - 2023-06-28 13:30:12 --> Session: Class initialized using 'CodeIgniter\Session\Handlers\FileHandler' driver.
INFO - 2023-06-28 13:30:12 --> Session: Class initialized using 'CodeIgniter\Session\Handlers\FileHandler' driver.
INFO - 2023-06-28 13:30:21 --> Session: Class initialized using 'CodeIgniter\Session\Handlers\FileHandler' driver.
INFO - 2023-06-28 13:30:21 --> Session: Class initialized using 'CodeIgniter\Session\Handlers\FileHandler' driver.
INFO - 2023-06-28 13:30:25 --> Session: Class initialized using 'CodeIgniter\Session\Handlers\FileHandler' driver.
INFO - 2023-06-28 13:30:29 --> Session: Class initialized using 'CodeIgniter\Session\Handlers\FileHandler' driver.
INFO - 2023-06-28 13:30:29 --> Session: Class initialized using 'CodeIgniter\Session\Handlers\FileHandler' driver.
INFO - 2023-06-28 13:30:29 --> Session: Class initialized using 'CodeIgniter\Session\Handlers\FileHandler' driver.
INFO - 2023-06-28 13:30:29 --> Session: Class initialized using 'CodeIgniter\Session\Handlers\FileHandler' driver.
INFO - 2023-06-28 13:30:30 --> Session: Class initialized using 'CodeIgniter\Session\Handlers\FileHandler' driver.
INFO - 2023-06-28 13:31:57 --> Session: Class initialized using 'CodeIgniter\Session\Handlers\FileHandler' driver.
INFO - 2023-06-28 13:32:02 --> Session: Class initialized using 'CodeIgniter\Session\Handlers\FileHandler' driver.
INFO - 2023-06-28 13:32:02 --> Session: Class initialized using 'CodeIgniter\Session\Handlers\FileHandler' driver.
CRITICAL - 2023-06-28 13:32:02 --> Undefined offset: 1
in APPPATH\Controllers\Laporan_neraca.php on line 26.
 1 APPPATH\Controllers\Laporan_neraca.php(26): CodeIgniter\Debug\Exceptions->errorHandler(8, 'Undefined offset: 1', 'C:\\web\\htdocs\\aruskas\\app\\Controllers\\Laporan_neraca.php', 26, [...])
 2 SYSTEMPATH\CodeIgniter.php(934): App\Controllers\Laporan_neraca->index('index', 'js', 'CodiePie.js')
 3 SYSTEMPATH\CodeIgniter.php(499): CodeIgniter\CodeIgniter->runController(Object(App\Controllers\Laporan_neraca))
 4 SYSTEMPATH\CodeIgniter.php(368): CodeIgniter\CodeIgniter->handleRequest(null, Object(Config\Cache), false)
 5 FCPATH\index.php(67): CodeIgniter\CodeIgniter->run()
INFO - 2023-06-28 13:32:02 --> Session: Class initialized using 'CodeIgniter\Session\Handlers\FileHandler' driver.
CRITICAL - 2023-06-28 13:32:02 --> Undefined offset: 1
in APPPATH\Controllers\Laporan_neraca.php on line 26.
 1 APPPATH\Controllers\Laporan_neraca.php(26): CodeIgniter\Debug\Exceptions->errorHandler(8, 'Undefined offset: 1', 'C:\\web\\htdocs\\aruskas\\app\\Controllers\\Laporan_neraca.php', 26, [...])
 2 SYSTEMPATH\CodeIgniter.php(934): App\Controllers\Laporan_neraca->index('index', 'js', 'scripts.js')
 3 SYSTEMPATH\CodeIgniter.php(499): CodeIgniter\CodeIgniter->runController(Object(App\Controllers\Laporan_neraca))
 4 SYSTEMPATH\CodeIgniter.php(368): CodeIgniter\CodeIgniter->handleRequest(null, Object(Config\Cache), false)
 5 FCPATH\index.php(67): CodeIgniter\CodeIgniter->run()
INFO - 2023-06-28 13:32:02 --> Session: Class initialized using 'CodeIgniter\Session\Handlers\FileHandler' driver.
CRITICAL - 2023-06-28 13:32:02 --> Undefined offset: 1
in APPPATH\Controllers\Laporan_neraca.php on line 26.
 1 APPPATH\Controllers\Laporan_neraca.php(26): CodeIgniter\Debug\Exceptions->errorHandler(8, 'Undefined offset: 1', 'C:\\web\\htdocs\\aruskas\\app\\Controllers\\Laporan_neraca.php', 26, [...])
 2 SYSTEMPATH\CodeIgniter.php(934): App\Controllers\Laporan_neraca->index('index', 'js', 'custom.js')
 3 SYSTEMPATH\CodeIgniter.php(499): CodeIgniter\CodeIgniter->runController(Object(App\Controllers\Laporan_neraca))
 4 SYSTEMPATH\CodeIgniter.php(368): CodeIgniter\CodeIgniter->handleRequest(null, Object(Config\Cache), false)
 5 FCPATH\index.php(67): CodeIgniter\CodeIgniter->run()
INFO - 2023-06-28 13:32:02 --> Session: Class initialized using 'CodeIgniter\Session\Handlers\FileHandler' driver.
CRITICAL - 2023-06-28 13:32:02 --> Undefined offset: 1
in APPPATH\Controllers\Laporan_neraca.php on line 26.
 1 APPPATH\Controllers\Laporan_neraca.php(26): CodeIgniter\Debug\Exceptions->errorHandler(8, 'Undefined offset: 1', 'C:\\web\\htdocs\\aruskas\\app\\Controllers\\Laporan_neraca.php', 26, [...])
 2 SYSTEMPATH\CodeIgniter.php(934): App\Controllers\Laporan_neraca->index('index', 'js', 'page', 'index.js')
 3 SYSTEMPATH\CodeIgniter.php(499): CodeIgniter\CodeIgniter->runController(Object(App\Controllers\Laporan_neraca))
 4 SYSTEMPATH\CodeIgniter.php(368): CodeIgniter\CodeIgniter->handleRequest(null, Object(Config\Cache), false)
 5 FCPATH\index.php(67): CodeIgniter\CodeIgniter->run()
INFO - 2023-06-28 13:32:08 --> Session: Class initialized using 'CodeIgniter\Session\Handlers\FileHandler' driver.
INFO - 2023-06-28 13:32:13 --> Session: Class initialized using 'CodeIgniter\Session\Handlers\FileHandler' driver.
INFO - 2023-06-28 13:32:14 --> Session: Class initialized using 'CodeIgniter\Session\Handlers\FileHandler' driver.
CRITICAL - 2023-06-28 13:32:14 --> Undefined offset: 1
in APPPATH\Controllers\Laporan_Arus_Kas.php on line 26.
 1 APPPATH\Controllers\Laporan_Arus_Kas.php(26): CodeIgniter\Debug\Exceptions->errorHandler(8, 'Undefined offset: 1', 'C:\\web\\htdocs\\aruskas\\app\\Controllers\\Laporan_Arus_Kas.php', 26, [...])
 2 SYSTEMPATH\CodeIgniter.php(934): App\Controllers\Laporan_Arus_Kas->index('index', 'js', 'CodiePie.js')
 3 SYSTEMPATH\CodeIgniter.php(499): CodeIgniter\CodeIgniter->runController(Object(App\Controllers\Laporan_Arus_Kas))
 4 SYSTEMPATH\CodeIgniter.php(368): CodeIgniter\CodeIgniter->handleRequest(null, Object(Config\Cache), false)
 5 FCPATH\index.php(67): CodeIgniter\CodeIgniter->run()
INFO - 2023-06-28 13:32:14 --> Session: Class initialized using 'CodeIgniter\Session\Handlers\FileHandler' driver.
CRITICAL - 2023-06-28 13:32:14 --> Undefined offset: 1
in APPPATH\Controllers\Laporan_Arus_Kas.php on line 26.
 1 APPPATH\Controllers\Laporan_Arus_Kas.php(26): CodeIgniter\Debug\Exceptions->errorHandler(8, 'Undefined offset: 1', 'C:\\web\\htdocs\\aruskas\\app\\Controllers\\Laporan_Arus_Kas.php', 26, [...])
 2 SYSTEMPATH\CodeIgniter.php(934): App\Controllers\Laporan_Arus_Kas->index('index', 'js', 'page', 'index.js')
 3 SYSTEMPATH\CodeIgniter.php(499): CodeIgniter\CodeIgniter->runController(Object(App\Controllers\Laporan_Arus_Kas))
 4 SYSTEMPATH\CodeIgniter.php(368): CodeIgniter\CodeIgniter->handleRequest(null, Object(Config\Cache), false)
 5 FCPATH\index.php(67): CodeIgniter\CodeIgniter->run()
INFO - 2023-06-28 13:32:14 --> Session: Class initialized using 'CodeIgniter\Session\Handlers\FileHandler' driver.
CRITICAL - 2023-06-28 13:32:14 --> Undefined offset: 1
in APPPATH\Controllers\Laporan_Arus_Kas.php on line 26.
 1 APPPATH\Controllers\Laporan_Arus_Kas.php(26): CodeIgniter\Debug\Exceptions->errorHandler(8, 'Undefined offset: 1', 'C:\\web\\htdocs\\aruskas\\app\\Controllers\\Laporan_Arus_Kas.php', 26, [...])
 2 SYSTEMPATH\CodeIgniter.php(934): App\Controllers\Laporan_Arus_Kas->index('index', 'js', 'scripts.js')
 3 SYSTEMPATH\CodeIgniter.php(499): CodeIgniter\CodeIgniter->runController(Object(App\Controllers\Laporan_Arus_Kas))
 4 SYSTEMPATH\CodeIgniter.php(368): CodeIgniter\CodeIgniter->handleRequest(null, Object(Config\Cache), false)
 5 FCPATH\index.php(67): CodeIgniter\CodeIgniter->run()
INFO - 2023-06-28 13:32:14 --> Session: Class initialized using 'CodeIgniter\Session\Handlers\FileHandler' driver.
CRITICAL - 2023-06-28 13:32:14 --> Undefined offset: 1
in APPPATH\Controllers\Laporan_Arus_Kas.php on line 26.
 1 APPPATH\Controllers\Laporan_Arus_Kas.php(26): CodeIgniter\Debug\Exceptions->errorHandler(8, 'Undefined offset: 1', 'C:\\web\\htdocs\\aruskas\\app\\Controllers\\Laporan_Arus_Kas.php', 26, [...])
 2 SYSTEMPATH\CodeIgniter.php(934): App\Controllers\Laporan_Arus_Kas->index('index', 'js', 'custom.js')
 3 SYSTEMPATH\CodeIgniter.php(499): CodeIgniter\CodeIgniter->runController(Object(App\Controllers\Laporan_Arus_Kas))
 4 SYSTEMPATH\CodeIgniter.php(368): CodeIgniter\CodeIgniter->handleRequest(null, Object(Config\Cache), false)
 5 FCPATH\index.php(67): CodeIgniter\CodeIgniter->run()
INFO - 2023-06-28 13:32:17 --> Session: Class initialized using 'CodeIgniter\Session\Handlers\FileHandler' driver.
INFO - 2023-06-28 13:32:17 --> Session: Class initialized using 'CodeIgniter\Session\Handlers\FileHandler' driver.
CRITICAL - 2023-06-28 13:32:17 --> Undefined offset: 1
in APPPATH\Controllers\Jurnal_Umum.php on line 24.
 1 APPPATH\Controllers\Jurnal_Umum.php(24): CodeIgniter\Debug\Exceptions->errorHandler(8, 'Undefined offset: 1', 'C:\\web\\htdocs\\aruskas\\app\\Controllers\\Jurnal_Umum.php', 24, [...])
 2 SYSTEMPATH\CodeIgniter.php(934): App\Controllers\Jurnal_Umum->index('index', 'js', 'CodiePie.js')
 3 SYSTEMPATH\CodeIgniter.php(499): CodeIgniter\CodeIgniter->runController(Object(App\Controllers\Jurnal_Umum))
 4 SYSTEMPATH\CodeIgniter.php(368): CodeIgniter\CodeIgniter->handleRequest(null, Object(Config\Cache), false)
 5 FCPATH\index.php(67): CodeIgniter\CodeIgniter->run()
INFO - 2023-06-28 13:32:17 --> Session: Class initialized using 'CodeIgniter\Session\Handlers\FileHandler' driver.
CRITICAL - 2023-06-28 13:32:17 --> Undefined offset: 1
in APPPATH\Controllers\Jurnal_Umum.php on line 24.
 1 APPPATH\Controllers\Jurnal_Umum.php(24): CodeIgniter\Debug\Exceptions->errorHandler(8, 'Undefined offset: 1', 'C:\\web\\htdocs\\aruskas\\app\\Controllers\\Jurnal_Umum.php', 24, [...])
 2 SYSTEMPATH\CodeIgniter.php(934): App\Controllers\Jurnal_Umum->index('index', 'js', 'page', 'index.js')
 3 SYSTEMPATH\CodeIgniter.php(499): CodeIgniter\CodeIgniter->runController(Object(App\Controllers\Jurnal_Umum))
 4 SYSTEMPATH\CodeIgniter.php(368): CodeIgniter\CodeIgniter->handleRequest(null, Object(Config\Cache), false)
 5 FCPATH\index.php(67): CodeIgniter\CodeIgniter->run()
INFO - 2023-06-28 13:32:17 --> Session: Class initialized using 'CodeIgniter\Session\Handlers\FileHandler' driver.
CRITICAL - 2023-06-28 13:32:17 --> Undefined offset: 1
in APPPATH\Controllers\Jurnal_Umum.php on line 24.
 1 APPPATH\Controllers\Jurnal_Umum.php(24): CodeIgniter\Debug\Exceptions->errorHandler(8, 'Undefined offset: 1', 'C:\\web\\htdocs\\aruskas\\app\\Controllers\\Jurnal_Umum.php', 24, [...])
 2 SYSTEMPATH\CodeIgniter.php(934): App\Controllers\Jurnal_Umum->index('index', 'js', 'custom.js')
 3 SYSTEMPATH\CodeIgniter.php(499): CodeIgniter\CodeIgniter->runController(Object(App\Controllers\Jurnal_Umum))
 4 SYSTEMPATH\CodeIgniter.php(368): CodeIgniter\CodeIgniter->handleRequest(null, Object(Config\Cache), false)
 5 FCPATH\index.php(67): CodeIgniter\CodeIgniter->run()
INFO - 2023-06-28 13:32:17 --> Session: Class initialized using 'CodeIgniter\Session\Handlers\FileHandler' driver.
CRITICAL - 2023-06-28 13:32:17 --> Undefined offset: 1
in APPPATH\Controllers\Jurnal_Umum.php on line 24.
 1 APPPATH\Controllers\Jurnal_Umum.php(24): CodeIgniter\Debug\Exceptions->errorHandler(8, 'Undefined offset: 1', 'C:\\web\\htdocs\\aruskas\\app\\Controllers\\Jurnal_Umum.php', 24, [...])
 2 SYSTEMPATH\CodeIgniter.php(934): App\Controllers\Jurnal_Umum->index('index', 'js', 'scripts.js')
 3 SYSTEMPATH\CodeIgniter.php(499): CodeIgniter\CodeIgniter->runController(Object(App\Controllers\Jurnal_Umum))
 4 SYSTEMPATH\CodeIgniter.php(368): CodeIgniter\CodeIgniter->handleRequest(null, Object(Config\Cache), false)
 5 FCPATH\index.php(67): CodeIgniter\CodeIgniter->run()
INFO - 2023-06-28 13:32:20 --> Session: Class initialized using 'CodeIgniter\Session\Handlers\FileHandler' driver.
INFO - 2023-06-28 13:32:21 --> Session: Class initialized using 'CodeIgniter\Session\Handlers\FileHandler' driver.
CRITICAL - 2023-06-28 13:32:21 --> Undefined offset: 1
in APPPATH\Controllers\Buku_Besar.php on line 23.
 1 APPPATH\Controllers\Buku_Besar.php(23): CodeIgniter\Debug\Exceptions->errorHandler(8, 'Undefined offset: 1', 'C:\\web\\htdocs\\aruskas\\app\\Controllers\\Buku_Besar.php', 23, [...])
 2 SYSTEMPATH\CodeIgniter.php(934): App\Controllers\Buku_Besar->index('index', 'js', 'CodiePie.js')
 3 SYSTEMPATH\CodeIgniter.php(499): CodeIgniter\CodeIgniter->runController(Object(App\Controllers\Buku_Besar))
 4 SYSTEMPATH\CodeIgniter.php(368): CodeIgniter\CodeIgniter->handleRequest(null, Object(Config\Cache), false)
 5 FCPATH\index.php(67): CodeIgniter\CodeIgniter->run()
INFO - 2023-06-28 13:32:21 --> Session: Class initialized using 'CodeIgniter\Session\Handlers\FileHandler' driver.
CRITICAL - 2023-06-28 13:32:21 --> Undefined offset: 1
in APPPATH\Controllers\Buku_Besar.php on line 23.
 1 APPPATH\Controllers\Buku_Besar.php(23): CodeIgniter\Debug\Exceptions->errorHandler(8, 'Undefined offset: 1', 'C:\\web\\htdocs\\aruskas\\app\\Controllers\\Buku_Besar.php', 23, [...])
 2 SYSTEMPATH\CodeIgniter.php(934): App\Controllers\Buku_Besar->index('index', 'js', 'page', 'index.js')
 3 SYSTEMPATH\CodeIgniter.php(499): CodeIgniter\CodeIgniter->runController(Object(App\Controllers\Buku_Besar))
 4 SYSTEMPATH\CodeIgniter.php(368): CodeIgniter\CodeIgniter->handleRequest(null, Object(Config\Cache), false)
 5 FCPATH\index.php(67): CodeIgniter\CodeIgniter->run()
INFO - 2023-06-28 13:32:21 --> Session: Class initialized using 'CodeIgniter\Session\Handlers\FileHandler' driver.
CRITICAL - 2023-06-28 13:32:21 --> Undefined offset: 1
in APPPATH\Controllers\Buku_Besar.php on line 23.
 1 APPPATH\Controllers\Buku_Besar.php(23): CodeIgniter\Debug\Exceptions->errorHandler(8, 'Undefined offset: 1', 'C:\\web\\htdocs\\aruskas\\app\\Controllers\\Buku_Besar.php', 23, [...])
 2 SYSTEMPATH\CodeIgniter.php(934): App\Controllers\Buku_Besar->index('index', 'js', 'scripts.js')
 3 SYSTEMPATH\CodeIgniter.php(499): CodeIgniter\CodeIgniter->runController(Object(App\Controllers\Buku_Besar))
 4 SYSTEMPATH\CodeIgniter.php(368): CodeIgniter\CodeIgniter->handleRequest(null, Object(Config\Cache), false)
 5 FCPATH\index.php(67): CodeIgniter\CodeIgniter->run()
INFO - 2023-06-28 13:32:21 --> Session: Class initialized using 'CodeIgniter\Session\Handlers\FileHandler' driver.
CRITICAL - 2023-06-28 13:32:21 --> Undefined offset: 1
in APPPATH\Controllers\Buku_Besar.php on line 23.
 1 APPPATH\Controllers\Buku_Besar.php(23): CodeIgniter\Debug\Exceptions->errorHandler(8, 'Undefined offset: 1', 'C:\\web\\htdocs\\aruskas\\app\\Controllers\\Buku_Besar.php', 23, [...])
 2 SYSTEMPATH\CodeIgniter.php(934): App\Controllers\Buku_Besar->index('index', 'js', 'custom.js')
 3 SYSTEMPATH\CodeIgniter.php(499): CodeIgniter\CodeIgniter->runController(Object(App\Controllers\Buku_Besar))
 4 SYSTEMPATH\CodeIgniter.php(368): CodeIgniter\CodeIgniter->handleRequest(null, Object(Config\Cache), false)
 5 FCPATH\index.php(67): CodeIgniter\CodeIgniter->run()
INFO - 2023-06-28 13:33:30 --> Session: Class initialized using 'CodeIgniter\Session\Handlers\FileHandler' driver.
INFO - 2023-06-28 13:33:30 --> Session: Class initialized using 'CodeIgniter\Session\Handlers\FileHandler' driver.
CRITICAL - 2023-06-28 13:33:30 --> Undefined offset: 1
in APPPATH\Controllers\Neraca_Saldo.php on line 23.
 1 APPPATH\Controllers\Neraca_Saldo.php(23): CodeIgniter\Debug\Exceptions->errorHandler(8, 'Undefined offset: 1', 'C:\\web\\htdocs\\aruskas\\app\\Controllers\\Neraca_Saldo.php', 23, [...])
 2 SYSTEMPATH\CodeIgniter.php(934): App\Controllers\Neraca_Saldo->index('index', 'js', 'CodiePie.js')
 3 SYSTEMPATH\CodeIgniter.php(499): CodeIgniter\CodeIgniter->runController(Object(App\Controllers\Neraca_Saldo))
 4 SYSTEMPATH\CodeIgniter.php(368): CodeIgniter\CodeIgniter->handleRequest(null, Object(Config\Cache), false)
 5 FCPATH\index.php(67): CodeIgniter\CodeIgniter->run()
INFO - 2023-06-28 13:33:30 --> Session: Class initialized using 'CodeIgniter\Session\Handlers\FileHandler' driver.
CRITICAL - 2023-06-28 13:33:30 --> Undefined offset: 1
in APPPATH\Controllers\Neraca_Saldo.php on line 23.
 1 APPPATH\Controllers\Neraca_Saldo.php(23): CodeIgniter\Debug\Exceptions->errorHandler(8, 'Undefined offset: 1', 'C:\\web\\htdocs\\aruskas\\app\\Controllers\\Neraca_Saldo.php', 23, [...])
 2 SYSTEMPATH\CodeIgniter.php(934): App\Controllers\Neraca_Saldo->index('index', 'js', 'custom.js')
 3 SYSTEMPATH\CodeIgniter.php(499): CodeIgniter\CodeIgniter->runController(Object(App\Controllers\Neraca_Saldo))
 4 SYSTEMPATH\CodeIgniter.php(368): CodeIgniter\CodeIgniter->handleRequest(null, Object(Config\Cache), false)
 5 FCPATH\index.php(67): CodeIgniter\CodeIgniter->run()
INFO - 2023-06-28 13:33:30 --> Session: Class initialized using 'CodeIgniter\Session\Handlers\FileHandler' driver.
CRITICAL - 2023-06-28 13:33:30 --> Undefined offset: 1
in APPPATH\Controllers\Neraca_Saldo.php on line 23.
 1 APPPATH\Controllers\Neraca_Saldo.php(23): CodeIgniter\Debug\Exceptions->errorHandler(8, 'Undefined offset: 1', 'C:\\web\\htdocs\\aruskas\\app\\Controllers\\Neraca_Saldo.php', 23, [...])
 2 SYSTEMPATH\CodeIgniter.php(934): App\Controllers\Neraca_Saldo->index('index', 'js', 'scripts.js')
 3 SYSTEMPATH\CodeIgniter.php(499): CodeIgniter\CodeIgniter->runController(Object(App\Controllers\Neraca_Saldo))
 4 SYSTEMPATH\CodeIgniter.php(368): CodeIgniter\CodeIgniter->handleRequest(null, Object(Config\Cache), false)
 5 FCPATH\index.php(67): CodeIgniter\CodeIgniter->run()
INFO - 2023-06-28 13:33:30 --> Session: Class initialized using 'CodeIgniter\Session\Handlers\FileHandler' driver.
CRITICAL - 2023-06-28 13:33:30 --> Undefined offset: 1
in APPPATH\Controllers\Neraca_Saldo.php on line 23.
 1 APPPATH\Controllers\Neraca_Saldo.php(23): CodeIgniter\Debug\Exceptions->errorHandler(8, 'Undefined offset: 1', 'C:\\web\\htdocs\\aruskas\\app\\Controllers\\Neraca_Saldo.php', 23, [...])
 2 SYSTEMPATH\CodeIgniter.php(934): App\Controllers\Neraca_Saldo->index('index', 'js', 'page', 'index.js')
 3 SYSTEMPATH\CodeIgniter.php(499): CodeIgniter\CodeIgniter->runController(Object(App\Controllers\Neraca_Saldo))
 4 SYSTEMPATH\CodeIgniter.php(368): CodeIgniter\CodeIgniter->handleRequest(null, Object(Config\Cache), false)
 5 FCPATH\index.php(67): CodeIgniter\CodeIgniter->run()
INFO - 2023-06-28 13:33:38 --> Session: Class initialized using 'CodeIgniter\Session\Handlers\FileHandler' driver.
INFO - 2023-06-28 13:33:51 --> Session: Class initialized using 'CodeIgniter\Session\Handlers\FileHandler' driver.
INFO - 2023-06-28 13:33:52 --> Session: Class initialized using 'CodeIgniter\Session\Handlers\FileHandler' driver.
INFO - 2023-06-28 13:33:52 --> Session: Class initialized using 'CodeIgniter\Session\Handlers\FileHandler' driver.
INFO - 2023-06-28 13:33:52 --> Session: Class initialized using 'CodeIgniter\Session\Handlers\FileHandler' driver.
INFO - 2023-06-28 13:33:52 --> Session: Class initialized using 'CodeIgniter\Session\Handlers\FileHandler' driver.
INFO - 2023-06-28 15:54:03 --> Session: Class initialized using 'CodeIgniter\Session\Handlers\FileHandler' driver.
CRITICAL - 2023-06-28 15:54:04 --> Trying to get property 'hak_akses' of non-object
in APPPATH\Views\layouts\header.php on line 51.
 1 APPPATH\Views\layouts\header.php(51): CodeIgniter\Debug\Exceptions->errorHandler(8, 'Trying to get property \'hak_akses\' of non-object', 'C:\\web\\htdocs\\aruskas\\app\\Views\\layouts\\header.php', 51, [...])
 2 SYSTEMPATH\View\View.php(213): include('C:\\web\\htdocs\\aruskas\\app\\Views\\layouts\\header.php')
 3 SYSTEMPATH\View\View.php(216): CodeIgniter\View\View->CodeIgniter\View\{closure}()
 4 SYSTEMPATH\View\View.php(431): CodeIgniter\View\View->render('layouts/header', null, true)
 5 APPPATH\Views\laporan_pembayaran_gaji\data.php(2): CodeIgniter\View\View->include('layouts/header')
 6 SYSTEMPATH\View\View.php(213): include('C:\\web\\htdocs\\aruskas\\app\\Views\\laporan_pembayaran_gaji\\data.php')
 7 SYSTEMPATH\View\View.php(216): CodeIgniter\View\View->CodeIgniter\View\{closure}()
 8 SYSTEMPATH\Common.php(1184): CodeIgniter\View\View->render('laporan_pembayaran_gaji/data', [], true)
 9 APPPATH\Controllers\Laporan_Pembayaran_Gaji.php(18): view('laporan_pembayaran_gaji/data', [...])
10 SYSTEMPATH\CodeIgniter.php(934): App\Controllers\Laporan_Pembayaran_Gaji->index('index', '2023-06')
11 SYSTEMPATH\CodeIgniter.php(499): CodeIgniter\CodeIgniter->runController(Object(App\Controllers\Laporan_Pembayaran_Gaji))
12 SYSTEMPATH\CodeIgniter.php(368): CodeIgniter\CodeIgniter->handleRequest(null, Object(Config\Cache), false)
13 FCPATH\index.php(67): CodeIgniter\CodeIgniter->run()
INFO - 2023-06-28 15:54:09 --> Session: Class initialized using 'CodeIgniter\Session\Handlers\FileHandler' driver.
INFO - 2023-06-28 15:54:09 --> Session: Class initialized using 'CodeIgniter\Session\Handlers\FileHandler' driver.
INFO - 2023-06-28 16:23:10 --> Session: Class initialized using 'CodeIgniter\Session\Handlers\FileHandler' driver.
INFO - 2023-06-28 16:23:10 --> Session: Class initialized using 'CodeIgniter\Session\Handlers\FileHandler' driver.
INFO - 2023-06-28 16:30:13 --> Session: Class initialized using 'CodeIgniter\Session\Handlers\FileHandler' driver.
INFO - 2023-06-28 16:30:14 --> Session: Class initialized using 'CodeIgniter\Session\Handlers\FileHandler' driver.
INFO - 2023-06-28 16:30:21 --> Session: Class initialized using 'CodeIgniter\Session\Handlers\FileHandler' driver.
INFO - 2023-06-28 16:30:21 --> Session: Class initialized using 'CodeIgniter\Session\Handlers\FileHandler' driver.
INFO - 2023-06-28 16:30:24 --> Session: Class initialized using 'CodeIgniter\Session\Handlers\FileHandler' driver.
INFO - 2023-06-28 16:30:26 --> Session: Class initialized using 'CodeIgniter\Session\Handlers\FileHandler' driver.
INFO - 2023-06-28 16:31:33 --> Session: Class initialized using 'CodeIgniter\Session\Handlers\FileHandler' driver.
INFO - 2023-06-28 16:31:36 --> Session: Class initialized using 'CodeIgniter\Session\Handlers\FileHandler' driver.
INFO - 2023-06-28 16:32:49 --> Session: Class initialized using 'CodeIgniter\Session\Handlers\FileHandler' driver.
INFO - 2023-06-28 16:32:56 --> Session: Class initialized using 'CodeIgniter\Session\Handlers\FileHandler' driver.
INFO - 2023-06-28 16:32:56 --> Session: Class initialized using 'CodeIgniter\Session\Handlers\FileHandler' driver.
INFO - 2023-06-28 16:35:07 --> Session: Class initialized using 'CodeIgniter\Session\Handlers\FileHandler' driver.
INFO - 2023-06-28 16:35:07 --> Session: Class initialized using 'CodeIgniter\Session\Handlers\FileHandler' driver.
INFO - 2023-06-28 16:35:40 --> Session: Class initialized using 'CodeIgniter\Session\Handlers\FileHandler' driver.
INFO - 2023-06-28 16:35:51 --> Session: Class initialized using 'CodeIgniter\Session\Handlers\FileHandler' driver.
INFO - 2023-06-28 16:35:56 --> Session: Class initialized using 'CodeIgniter\Session\Handlers\FileHandler' driver.
INFO - 2023-06-28 16:35:56 --> Session: Class initialized using 'CodeIgniter\Session\Handlers\FileHandler' driver.
INFO - 2023-06-28 16:36:14 --> Session: Class initialized using 'CodeIgniter\Session\Handlers\FileHandler' driver.
INFO - 2023-06-28 16:36:14 --> Session: Class initialized using 'CodeIgniter\Session\Handlers\FileHandler' driver.
INFO - 2023-06-28 16:36:31 --> Session: Class initialized using 'CodeIgniter\Session\Handlers\FileHandler' driver.
INFO - 2023-06-28 16:39:59 --> Session: Class initialized using 'CodeIgniter\Session\Handlers\FileHandler' driver.
INFO - 2023-06-28 16:40:07 --> Session: Class initialized using 'CodeIgniter\Session\Handlers\FileHandler' driver.
INFO - 2023-06-28 16:40:07 --> Session: Class initialized using 'CodeIgniter\Session\Handlers\FileHandler' driver.
INFO - 2023-06-28 16:40:17 --> Session: Class initialized using 'CodeIgniter\Session\Handlers\FileHandler' driver.
INFO - 2023-06-28 16:42:23 --> Session: Class initialized using 'CodeIgniter\Session\Handlers\FileHandler' driver.
INFO - 2023-06-28 16:44:33 --> Session: Class initialized using 'CodeIgniter\Session\Handlers\FileHandler' driver.
INFO - 2023-06-28 16:47:21 --> Session: Class initialized using 'CodeIgniter\Session\Handlers\FileHandler' driver.
INFO - 2023-06-28 16:48:11 --> Session: Class initialized using 'CodeIgniter\Session\Handlers\FileHandler' driver.
INFO - 2023-06-28 16:48:12 --> Session: Class initialized using 'CodeIgniter\Session\Handlers\FileHandler' driver.
INFO - 2023-06-28 16:48:22 --> Session: Class initialized using 'CodeIgniter\Session\Handlers\FileHandler' driver.
INFO - 2023-06-28 16:48:23 --> Session: Class initialized using 'CodeIgniter\Session\Handlers\FileHandler' driver.
