INFO - 2023-06-30 02:18:15 --> Session: Class initialized using 'CodeIgniter\Session\Handlers\FileHandler' driver.
INFO - 2023-06-30 02:18:15 --> Session: Class initialized using 'CodeIgniter\Session\Handlers\FileHandler' driver.
INFO - 2023-06-30 02:18:29 --> Session: Class initialized using 'CodeIgniter\Session\Handlers\FileHandler' driver.
INFO - 2023-06-30 02:18:30 --> Session: Class initialized using 'CodeIgniter\Session\Handlers\FileHandler' driver.
INFO - 2023-06-30 02:18:32 --> Session: Class initialized using 'CodeIgniter\Session\Handlers\FileHandler' driver.
INFO - 2023-06-30 14:07:27 --> Session: Class initialized using 'CodeIgniter\Session\Handlers\FileHandler' driver.
CRITICAL - 2023-06-30 14:07:28 --> Trying to get property 'hak_akses' of non-object
in APPPATH\Views\layouts\header.php on line 51.
 1 APPPATH\Views\layouts\header.php(51): CodeIgniter\Debug\Exceptions->errorHandler(8, 'Trying to get property \'hak_akses\' of non-object', 'C:\\web\\htdocs\\aruskas\\app\\Views\\layouts\\header.php', 51, [...])
 2 SYSTEMPATH\View\View.php(213): include('C:\\web\\htdocs\\aruskas\\app\\Views\\layouts\\header.php')
 3 SYSTEMPATH\View\View.php(216): CodeIgniter\View\View->CodeIgniter\View\{closure}()
 4 SYSTEMPATH\View\View.php(431): CodeIgniter\View\View->render('layouts/header', null, true)
 5 APPPATH\Views\kas_masuk\form.php(2): CodeIgniter\View\View->include('layouts/header')
 6 SYSTEMPATH\View\View.php(213): include('C:\\web\\htdocs\\aruskas\\app\\Views\\kas_masuk\\form.php')
 7 SYSTEMPATH\View\View.php(216): CodeIgniter\View\View->CodeIgniter\View\{closure}()
 8 SYSTEMPATH\Common.php(1184): CodeIgniter\View\View->render('kas_masuk/form', [], true)
 9 APPPATH\Controllers\Kas_Masuk.php(31): view('kas_masuk/form', [...])
10 SYSTEMPATH\CodeIgniter.php(934): App\Controllers\Kas_masuk->tambah()
11 SYSTEMPATH\CodeIgniter.php(499): CodeIgniter\CodeIgniter->runController(Object(App\Controllers\Kas_masuk))
12 SYSTEMPATH\CodeIgniter.php(368): CodeIgniter\CodeIgniter->handleRequest(null, Object(Config\Cache), false)
13 FCPATH\index.php(67): CodeIgniter\CodeIgniter->run()
INFO - 2023-06-30 14:07:33 --> Session: Class initialized using 'CodeIgniter\Session\Handlers\FileHandler' driver.
CRITICAL - 2023-06-30 14:07:33 --> Trying to get property 'hak_akses' of non-object
in APPPATH\Views\layouts\header.php on line 51.
 1 APPPATH\Views\layouts\header.php(51): CodeIgniter\Debug\Exceptions->errorHandler(8, 'Trying to get property \'hak_akses\' of non-object', 'C:\\web\\htdocs\\aruskas\\app\\Views\\layouts\\header.php', 51, [...])
 2 SYSTEMPATH\View\View.php(213): include('C:\\web\\htdocs\\aruskas\\app\\Views\\layouts\\header.php')
 3 SYSTEMPATH\View\View.php(216): CodeIgniter\View\View->CodeIgniter\View\{closure}()
 4 SYSTEMPATH\View\View.php(431): CodeIgniter\View\View->render('layouts/header', null, true)
 5 APPPATH\Views\kas_masuk\form.php(2): CodeIgniter\View\View->include('layouts/header')
 6 SYSTEMPATH\View\View.php(213): include('C:\\web\\htdocs\\aruskas\\app\\Views\\kas_masuk\\form.php')
 7 SYSTEMPATH\View\View.php(216): CodeIgniter\View\View->CodeIgniter\View\{closure}()
 8 SYSTEMPATH\Common.php(1184): CodeIgniter\View\View->render('kas_masuk/form', [], true)
 9 APPPATH\Controllers\Kas_Masuk.php(31): view('kas_masuk/form', [...])
10 SYSTEMPATH\CodeIgniter.php(934): App\Controllers\Kas_masuk->tambah()
11 SYSTEMPATH\CodeIgniter.php(499): CodeIgniter\CodeIgniter->runController(Object(App\Controllers\Kas_masuk))
12 SYSTEMPATH\CodeIgniter.php(368): CodeIgniter\CodeIgniter->handleRequest(null, Object(Config\Cache), false)
13 FCPATH\index.php(67): CodeIgniter\CodeIgniter->run()
INFO - 2023-06-30 14:07:36 --> Session: Class initialized using 'CodeIgniter\Session\Handlers\FileHandler' driver.
INFO - 2023-06-30 14:07:36 --> Session: Class initialized using 'CodeIgniter\Session\Handlers\FileHandler' driver.
INFO - 2023-06-30 14:07:46 --> Session: Class initialized using 'CodeIgniter\Session\Handlers\FileHandler' driver.
INFO - 2023-06-30 14:07:46 --> Session: Class initialized using 'CodeIgniter\Session\Handlers\FileHandler' driver.
INFO - 2023-06-30 14:07:48 --> Session: Class initialized using 'CodeIgniter\Session\Handlers\FileHandler' driver.
INFO - 2023-06-30 14:07:50 --> Session: Class initialized using 'CodeIgniter\Session\Handlers\FileHandler' driver.
INFO - 2023-06-30 14:10:09 --> Session: Class initialized using 'CodeIgniter\Session\Handlers\FileHandler' driver.
INFO - 2023-06-30 14:10:12 --> Session: Class initialized using 'CodeIgniter\Session\Handlers\FileHandler' driver.
